TN:
SF:src/index.ts
FN:7,(anonymous_0)
FN:8,(anonymous_1)
FNF:2
FNH:2
FNDA:1,(anonymous_0)
FNDA:1,(anonymous_1)
DA:1,1
DA:4,1
DA:5,1
DA:7,1
DA:8,1
LF:5
LH:5
BRF:0
BRH:0
end_of_record
TN:
SF:src/util/even_checker.ts
FN:1,is_even
FN:5,is_even_async
FN:6,(anonymous_17)
FN:7,(anonymous_18)
FNF:4
FNH:4
FNDA:4,is_even
FNDA:4,is_even_async
FNDA:4,(anonymous_17)
FNDA:4,(anonymous_18)
DA:1,1
DA:2,4
DA:5,1
DA:6,4
DA:7,4
DA:8,4
LF:6
LH:6
BRF:0
BRH:0
end_of_record
TN:
SF:test/index.test.js
FN:5,(anonymous_0)
FN:6,(anonymous_1)
FNF:2
FNH:2
FNDA:1,(anonymous_0)
FNDA:1,(anonymous_1)
DA:1,1
DA:2,1
DA:5,1
DA:6,1
DA:7,1
LF:5
LH:5
BRF:0
BRH:0
end_of_record
